# JRE version: Java(TM) SE Runtime Environment (8.0_251-b08) (build 1.8.0_251-b08)
# Java VM: Java HotSpot(TM) 64-Bit Server VM (25.251-b08 mixed mode windows-amd64 compressed oops)
Heap:
 PSYoungGen      total 61440K, used 15869K [0x00000000d5f00000, 0x00000000db600000, 0x0000000100000000)
  eden space 56320K, 19% used [0x00000000d5f00000,0x00000000d6987058,0x00000000d9600000)
  from space 5120K, 99% used [0x00000000da000000,0x00000000da4f8480,0x00000000da500000)
  to   space 16384K, 0% used [0x00000000da600000,0x00000000da600000,0x00000000db600000)
 ParOldGen       total 109568K, used 40005K [0x0000000081c00000, 0x0000000088700000, 0x00000000d5f00000)
  object space 109568K, 36% used [0x0000000081c00000,0x00000000843115b0,0x0000000088700000)
 Metaspace       used 27060K, capacity 28094K, committed 28288K, reserved 1073152K
  class space    used 3628K, capacity 3858K, committed 3968K, reserved 1048576K
GC Heap History (10 events):
Event: 3.122 GC heap before
{Heap before GC invocations=2 (full 0):
 PSYoungGen      total 38400K, used 37898K [0x00000000d5f00000, 0x00000000d8980000, 0x0000000100000000)
  eden space 33280K, 100% used [0x00000000d5f00000,0x00000000d7f80000,0x00000000d7f80000)
  from space 5120K, 90% used [0x00000000d7f80000,0x00000000d8402b60,0x00000000d8480000)
  to   space 5120K, 0% used [0x00000000d8480000,0x00000000d8480000,0x00000000d8980000)
 ParOldGen       total 87552K, used 19258K [0x0000000081c00000, 0x0000000087180000, 0x00000000d5f00000)
  object space 87552K, 21% used [0x0000000081c00000,0x0000000082ece810,0x0000000087180000)
 Metaspace       used 19092K, capacity 19750K, committed 19968K, reserved 1067008K
  class space    used 2578K, capacity 2778K, committed 2816K, reserved 1048576K
Event: 3.131 GC heap after
Heap after GC invocations=2 (full 0):
 PSYoungGen      total 38400K, used 5097K [0x00000000d5f00000, 0x00000000d8980000, 0x0000000100000000)
  eden space 33280K, 0% used [0x00000000d5f00000,0x00000000d5f00000,0x00000000d7f80000)
  from space 5120K, 99% used [0x00000000d8480000,0x00000000d897a658,0x00000000d8980000)
  to   space 5120K, 0% used [0x00000000d7f80000,0x00000000d7f80000,0x00000000d8480000)
 ParOldGen       total 87552K, used 22166K [0x0000000081c00000, 0x0000000087180000, 0x00000000d5f00000)
  object space 87552K, 25% used [0x0000000081c00000,0x00000000831a5950,0x0000000087180000)
 Metaspace       used 19092K, capacity 19750K, committed 19968K, reserved 1067008K
  class space    used 2578K, capacity 2778K, committed 2816K, reserved 1048576K
}
Event: 3.493 GC heap before
{Heap before GC invocations=3 (full 0):
 PSYoungGen      total 38400K, used 20898K [0x00000000d5f00000, 0x00000000d8980000, 0x0000000100000000)
  eden space 33280K, 47% used [0x00000000d5f00000,0x00000000d6e6e3d0,0x00000000d7f80000)
  from space 5120K, 99% used [0x00000000d8480000,0x00000000d897a658,0x00000000d8980000)
  to   space 5120K, 0% used [0x00000000d7f80000,0x00000000d7f80000,0x00000000d8480000)
 ParOldGen       total 87552K, used 22166K [0x0000000081c00000, 0x0000000087180000, 0x00000000d5f00000)
  object space 87552K, 25% used [0x0000000081c00000,0x00000000831a5950,0x0000000087180000)
 Metaspace       used 20341K, capacity 21186K, committed 21248K, reserved 1067008K
  class space    used 2821K, capacity 3034K, committed 3072K, reserved 1048576K
Event: 3.506 GC heap after
Heap after GC invocations=3 (full 0):
 PSYoungGen      total 38400K, used 5114K [0x00000000d5f00000, 0x00000000daa00000, 0x0000000100000000)
  eden space 33280K, 0% used [0x00000000d5f00000,0x00000000d5f00000,0x00000000d7f80000)
  from space 5120K, 99% used [0x00000000d7f80000,0x00000000d847e950,0x00000000d8480000)
  to   space 5120K, 0% used [0x00000000da500000,0x00000000da500000,0x00000000daa00000)
 ParOldGen       total 87552K, used 33335K [0x0000000081c00000, 0x0000000087180000, 0x00000000d5f00000)
  object space 87552K, 38% used [0x0000000081c00000,0x0000000083c8dc30,0x0000000087180000)
 Metaspace       used 20341K, capacity 21186K, committed 21248K, reserved 1067008K
  class space    used 2821K, capacity 3034K, committed 3072K, reserved 1048576K
}
Event: 3.506 GC heap before
{Heap before GC invocations=4 (full 1):
 PSYoungGen      total 38400K, used 5114K [0x00000000d5f00000, 0x00000000daa00000, 0x0000000100000000)
  eden space 33280K, 0% used [0x00000000d5f00000,0x00000000d5f00000,0x00000000d7f80000)
  from space 5120K, 99% used [0x00000000d7f80000,0x00000000d847e950,0x00000000d8480000)
  to   space 5120K, 0% used [0x00000000da500000,0x00000000da500000,0x00000000daa00000)
 ParOldGen       total 87552K, used 33335K [0x0000000081c00000, 0x0000000087180000, 0x00000000d5f00000)
  object space 87552K, 38% used [0x0000000081c00000,0x0000000083c8dc30,0x0000000087180000)
 Metaspace       used 20341K, capacity 21186K, committed 21248K, reserved 1067008K
  class space    used 2821K, capacity 3034K, committed 3072K, reserved 1048576K
Event: 3.590 GC heap after
Heap after GC invocations=4 (full 1):
 PSYoungGen      total 38400K, used 0K [0x00000000d5f00000, 0x00000000daa00000, 0x0000000100000000)
  eden space 33280K, 0% used [0x00000000d5f00000,0x00000000d5f00000,0x00000000d7f80000)
  from space 5120K, 0% used [0x00000000d7f80000,0x00000000d7f80000,0x00000000d8480000)
  to   space 5120K, 0% used [0x00000000da500000,0x00000000da500000,0x00000000daa00000)
 ParOldGen       total 109568K, used 38266K [0x0000000081c00000, 0x0000000088700000, 0x00000000d5f00000)
  object space 109568K, 34% used [0x0000000081c00000,0x000000008415ea78,0x0000000088700000)
 Metaspace       used 20341K, capacity 21186K, committed 21248K, reserved 1067008K
  class space    used 2821K, capacity 3034K, committed 3072K, reserved 1048576K
}
Event: 7.278 GC heap before
{Heap before GC invocations=5 (full 1):
 PSYoungGen      total 38400K, used 33280K [0x00000000d5f00000, 0x00000000daa00000, 0x0000000100000000)
  eden space 33280K, 100% used [0x00000000d5f00000,0x00000000d7f80000,0x00000000d7f80000)
  from space 5120K, 0% used [0x00000000d7f80000,0x00000000d7f80000,0x00000000d8480000)
  to   space 5120K, 0% used [0x00000000da500000,0x00000000da500000,0x00000000daa00000)
 ParOldGen       total 109568K, used 38266K [0x0000000081c00000, 0x0000000088700000, 0x00000000d5f00000)
  object space 109568K, 34% used [0x0000000081c00000,0x000000008415ea78,0x0000000088700000)
 Metaspace       used 23319K, capacity 24318K, committed 24576K, reserved 1071104K
  class space    used 3276K, capacity 3522K, committed 3584K, reserved 1048576K
Event: 7.285 GC heap after
Heap after GC invocations=5 (full 1):
 PSYoungGen      total 49152K, used 5115K [0x00000000d5f00000, 0x00000000daa00000, 0x0000000100000000)
  eden space 44032K, 0% used [0x00000000d5f00000,0x00000000d5f00000,0x00000000d8a00000)
  from space 5120K, 99% used [0x00000000da500000,0x00000000da9fef40,0x00000000daa00000)
  to   space 5120K, 0% used [0x00000000da000000,0x00000000da000000,0x00000000da500000)
 ParOldGen       total 109568K, used 38377K [0x0000000081c00000, 0x0000000088700000, 0x00000000d5f00000)
  object space 109568K, 35% used [0x0000000081c00000,0x000000008417a740,0x0000000088700000)
 Metaspace       used 23319K, capacity 24318K, committed 24576K, reserved 1071104K
  class space    used 3276K, capacity 3522K, committed 3584K, reserved 1048576K
}
Event: 9.426 GC heap before
{Heap before GC invocations=6 (full 1):
 PSYoungGen      total 49152K, used 49147K [0x00000000d5f00000, 0x00000000daa00000, 0x0000000100000000)
  eden space 44032K, 100% used [0x00000000d5f00000,0x00000000d8a00000,0x00000000d8a00000)
  from space 5120K, 99% used [0x00000000da500000,0x00000000da9fef40,0x00000000daa00000)
  to   space 5120K, 0% used [0x00000000da000000,0x00000000da000000,0x00000000da500000)
 ParOldGen       total 109568K, used 38377K [0x0000000081c00000, 0x0000000088700000, 0x00000000d5f00000)
  object space 109568K, 35% used [0x0000000081c00000,0x000000008417a740,0x0000000088700000)
 Metaspace       used 26553K, capacity 27612K, committed 27648K, reserved 1073152K
  class space    used 3586K, capacity 3825K, committed 3840K, reserved 1048576K
Event: 9.437 GC heap after
Heap after GC invocations=6 (full 1):
 PSYoungGen      total 61440K, used 5089K [0x00000000d5f00000, 0x00000000db600000, 0x0000000100000000)
  eden space 56320K, 0% used [0x00000000d5f00000,0x00000000d5f00000,0x00000000d9600000)
  from space 5120K, 99% used [0x00000000da000000,0x00000000da4f8480,0x00000000da500000)
  to   space 16384K, 0% used [0x00000000da600000,0x00000000da600000,0x00000000db600000)
 ParOldGen       total 109568K, used 40005K [0x0000000081c00000, 0x0000000088700000, 0x00000000d5f00000)
  object space 109568K, 36% used [0x0000000081c00000,0x00000000843115b0,0x0000000088700000)
 Metaspace       used 26553K, capacity 27612K, committed 27648K, reserved 1073152K
  class space    used 3586K, capacity 3825K, committed 3840K, reserved 1048576K
}

