# JRE version: Java(TM) SE Runtime Environment (8.0_251-b08) (build 1.8.0_251-b08)
# Java VM: Java HotSpot(TM) 64-Bit Server VM (25.251-b08 mixed mode windows-amd64 compressed oops)
Heap:
 PSYoungGen      total 99328K, used 53198K [0x00000000d5f00000, 0x00000000dd700000, 0x0000000100000000)
  eden space 85504K, 52% used [0x00000000d5f00000,0x00000000d8ac2b38,0x00000000db280000)
  from space 13824K, 60% used [0x00000000dc000000,0x00000000dc8310a0,0x00000000dcd80000)
  to   space 13824K, 0% used [0x00000000db280000,0x00000000db280000,0x00000000dc000000)
 ParOldGen       total 86016K, used 32526K [0x0000000081c00000, 0x0000000087000000, 0x00000000d5f00000)
  object space 86016K, 37% used [0x0000000081c00000,0x0000000083bc3a10,0x0000000087000000)
 Metaspace       used 26789K, capacity 27814K, committed 28160K, reserved 1073152K
  class space    used 3557K, capacity 3776K, committed 3840K, reserved 1048576K
GC Heap History (10 events):
Event: 4.596 GC heap before
{Heap before GC invocations=3 (full 0):
 PSYoungGen      total 38400K, used 13143K [0x00000000d5f00000, 0x00000000d8980000, 0x0000000100000000)
  eden space 33280K, 24% used [0x00000000d5f00000,0x00000000d66da878,0x00000000d7f80000)
  from space 5120K, 99% used [0x00000000d8480000,0x00000000d897b640,0x00000000d8980000)
  to   space 5120K, 0% used [0x00000000d7f80000,0x00000000d7f80000,0x00000000d8480000)
 ParOldGen       total 87552K, used 27207K [0x0000000081c00000, 0x0000000087180000, 0x00000000d5f00000)
  object space 87552K, 31% used [0x0000000081c00000,0x0000000083691fe0,0x0000000087180000)
 Metaspace       used 20074K, capacity 21132K, committed 21296K, reserved 1067008K
  class space    used 2947K, capacity 3183K, committed 3200K, reserved 1048576K
Event: 4.604 GC heap after
Heap after GC invocations=3 (full 0):
 PSYoungGen      total 38400K, used 5098K [0x00000000d5f00000, 0x00000000daa00000, 0x0000000100000000)
  eden space 33280K, 0% used [0x00000000d5f00000,0x00000000d5f00000,0x00000000d7f80000)
  from space 5120K, 99% used [0x00000000d7f80000,0x00000000d847abb0,0x00000000d8480000)
  to   space 5120K, 0% used [0x00000000da500000,0x00000000da500000,0x00000000daa00000)
 ParOldGen       total 87552K, used 28249K [0x0000000081c00000, 0x0000000087180000, 0x00000000d5f00000)
  object space 87552K, 32% used [0x0000000081c00000,0x0000000083796468,0x0000000087180000)
 Metaspace       used 20074K, capacity 21132K, committed 21296K, reserved 1067008K
  class space    used 2947K, capacity 3183K, committed 3200K, reserved 1048576K
}
Event: 4.604 GC heap before
{Heap before GC invocations=4 (full 1):
 PSYoungGen      total 38400K, used 5098K [0x00000000d5f00000, 0x00000000daa00000, 0x0000000100000000)
  eden space 33280K, 0% used [0x00000000d5f00000,0x00000000d5f00000,0x00000000d7f80000)
  from space 5120K, 99% used [0x00000000d7f80000,0x00000000d847abb0,0x00000000d8480000)
  to   space 5120K, 0% used [0x00000000da500000,0x00000000da500000,0x00000000daa00000)
 ParOldGen       total 87552K, used 28249K [0x0000000081c00000, 0x0000000087180000, 0x00000000d5f00000)
  object space 87552K, 32% used [0x0000000081c00000,0x0000000083796468,0x0000000087180000)
 Metaspace       used 20074K, capacity 21132K, committed 21296K, reserved 1067008K
  class space    used 2947K, capacity 3183K, committed 3200K, reserved 1048576K
Event: 4.644 GC heap after
Heap after GC invocations=4 (full 1):
 PSYoungGen      total 38400K, used 0K [0x00000000d5f00000, 0x00000000daa00000, 0x0000000100000000)
  eden space 33280K, 0% used [0x00000000d5f00000,0x00000000d5f00000,0x00000000d7f80000)
  from space 5120K, 0% used [0x00000000d7f80000,0x00000000d7f80000,0x00000000d8480000)
  to   space 5120K, 0% used [0x00000000da500000,0x00000000da500000,0x00000000daa00000)
 ParOldGen       total 86016K, used 30949K [0x0000000081c00000, 0x0000000087000000, 0x00000000d5f00000)
  object space 86016K, 35% used [0x0000000081c00000,0x0000000083a39780,0x0000000087000000)
 Metaspace       used 20074K, capacity 21132K, committed 21296K, reserved 1067008K
  class space    used 2947K, capacity 3183K, committed 3200K, reserved 1048576K
}
Event: 5.633 GC heap before
{Heap before GC invocations=5 (full 1):
 PSYoungGen      total 38400K, used 33280K [0x00000000d5f00000, 0x00000000daa00000, 0x0000000100000000)
  eden space 33280K, 100% used [0x00000000d5f00000,0x00000000d7f80000,0x00000000d7f80000)
  from space 5120K, 0% used [0x00000000d7f80000,0x00000000d7f80000,0x00000000d8480000)
  to   space 5120K, 0% used [0x00000000da500000,0x00000000da500000,0x00000000daa00000)
 ParOldGen       total 86016K, used 30949K [0x0000000081c00000, 0x0000000087000000, 0x00000000d5f00000)
  object space 86016K, 35% used [0x0000000081c00000,0x0000000083a39780,0x0000000087000000)
 Metaspace       used 21249K, capacity 22290K, committed 22528K, reserved 1069056K
  class space    used 3067K, capacity 3312K, committed 3328K, reserved 1048576K
Event: 5.635 GC heap after
Heap after GC invocations=5 (full 1):
 PSYoungGen      total 55296K, used 603K [0x00000000d5f00000, 0x00000000da600000, 0x0000000100000000)
  eden space 54272K, 0% used [0x00000000d5f00000,0x00000000d5f00000,0x00000000d9400000)
  from space 1024K, 58% used [0x00000000da500000,0x00000000da596f20,0x00000000da600000)
  to   space 5120K, 0% used [0x00000000d9c00000,0x00000000d9c00000,0x00000000da100000)
 ParOldGen       total 86016K, used 30957K [0x0000000081c00000, 0x0000000087000000, 0x00000000d5f00000)
  object space 86016K, 35% used [0x0000000081c00000,0x0000000083a3b780,0x0000000087000000)
 Metaspace       used 21249K, capacity 22290K, committed 22528K, reserved 1069056K
  class space    used 3067K, capacity 3312K, committed 3328K, reserved 1048576K
}
Event: 8.141 GC heap before
{Heap before GC invocations=6 (full 1):
 PSYoungGen      total 55296K, used 54642K [0x00000000d5f00000, 0x00000000da600000, 0x0000000100000000)
  eden space 54272K, 99% used [0x00000000d5f00000,0x00000000d93c5ca0,0x00000000d9400000)
  from space 1024K, 58% used [0x00000000da500000,0x00000000da596f20,0x00000000da600000)
  to   space 5120K, 0% used [0x00000000d9c00000,0x00000000d9c00000,0x00000000da100000)
 ParOldGen       total 86016K, used 30957K [0x0000000081c00000, 0x0000000087000000, 0x00000000d5f00000)
  object space 86016K, 35% used [0x0000000081c00000,0x0000000083a3b780,0x0000000087000000)
 Metaspace       used 26237K, capacity 27246K, committed 27392K, reserved 1073152K
  class space    used 3535K, capacity 3766K, committed 3840K, reserved 1048576K
Event: 8.146 GC heap after
Heap after GC invocations=6 (full 1):
 PSYoungGen      total 67584K, used 5112K [0x00000000d5f00000, 0x00000000dcd80000, 0x0000000100000000)
  eden space 62464K, 0% used [0x00000000d5f00000,0x00000000d5f00000,0x00000000d9c00000)
  from space 5120K, 99% used [0x00000000d9c00000,0x00000000da0fe080,0x00000000da100000)
  to   space 13824K, 0% used [0x00000000dc000000,0x00000000dc000000,0x00000000dcd80000)
 ParOldGen       total 86016K, used 32518K [0x0000000081c00000, 0x0000000087000000, 0x00000000d5f00000)
  object space 86016K, 37% used [0x0000000081c00000,0x0000000083bc1a10,0x0000000087000000)
 Metaspace       used 26237K, capacity 27246K, committed 27392K, reserved 1073152K
  class space    used 3535K, capacity 3766K, committed 3840K, reserved 1048576K
}
Event: 9.612 GC heap before
{Heap before GC invocations=7 (full 1):
 PSYoungGen      total 67584K, used 66983K [0x00000000d5f00000, 0x00000000dcd80000, 0x0000000100000000)
  eden space 62464K, 99% used [0x00000000d5f00000,0x00000000d9b6bb90,0x00000000d9c00000)
  from space 5120K, 99% used [0x00000000d9c00000,0x00000000da0fe080,0x00000000da100000)
  to   space 13824K, 0% used [0x00000000dc000000,0x00000000dc000000,0x00000000dcd80000)
 ParOldGen       total 86016K, used 32518K [0x0000000081c00000, 0x0000000087000000, 0x00000000d5f00000)
  object space 86016K, 37% used [0x0000000081c00000,0x0000000083bc1a10,0x0000000087000000)
 Metaspace       used 26475K, capacity 27462K, committed 27648K, reserved 1073152K
  class space    used 3537K, capacity 3770K, committed 3840K, reserved 1048576K
Event: 9.618 GC heap after
Heap after GC invocations=7 (full 1):
 PSYoungGen      total 99328K, used 8388K [0x00000000d5f00000, 0x00000000dd700000, 0x0000000100000000)
  eden space 85504K, 0% used [0x00000000d5f00000,0x00000000d5f00000,0x00000000db280000)
  from space 13824K, 60% used [0x00000000dc000000,0x00000000dc8310a0,0x00000000dcd80000)
  to   space 13824K, 0% used [0x00000000db280000,0x00000000db280000,0x00000000dc000000)
 ParOldGen       total 86016K, used 32526K [0x0000000081c00000, 0x0000000087000000, 0x00000000d5f00000)
  object space 86016K, 37% used [0x0000000081c00000,0x0000000083bc3a10,0x0000000087000000)
 Metaspace       used 26475K, capacity 27462K, committed 27648K, reserved 1073152K
  class space    used 3537K, capacity 3770K, committed 3840K, reserved 1048576K
}

